  Compiling CUDA source file kernel.cu...
  Compiling CUDA source file Sgemm4.cu...
  Compiling CUDA source file sgemm3.cu...
  
  D:\Visualstdioc\cuda_test\MycudaCode\MySgemmOpt\MySgemmOpt>"C:\Program Files\NVIDIA GPU Computing Toolkit\CUDA\v12.1\bin\nvcc.exe" -gencode=arch=compute_86,code=\"sm_86,compute_86\" --use-local-env -ccbin "C:\Program Files\Microsoft Visual Studio\2022\Community\VC\Tools\MSVC\14.35.32215\bin\HostX64\x64" -x cu   -I"C:\Program Files\NVIDIA GPU Computing Toolkit\CUDA\v12.1\include" -I"C:\Program Files\NVIDIA GPU Computing Toolkit\CUDA\v12.1\include"  -G   --keep-dir x64\Debug  -maxrregcount=0   --machine 64 --compile -cudart static  -g  -DWIN32 -DWIN64 -D_DEBUG -D_CONSOLE -D_MBCS -Xcompiler "/EHsc /W3 /nologo /Od /FS /Zi /RTC1 /MDd " -Xcompiler "/Fdx64\Debug\vc143.pdb" -o D:\Visualstdioc\cuda_test\MycudaCode\MySgemmOpt\MySgemmOpt\x64\Debug\kernel.cu.obj "D:\Visualstdioc\cuda_test\MycudaCode\MySgemmOpt\MySgemmOpt\kernel.cu" 
  
  D:\Visualstdioc\cuda_test\MycudaCode\MySgemmOpt\MySgemmOpt>"C:\Program Files\NVIDIA GPU Computing Toolkit\CUDA\v12.1\bin\nvcc.exe" -gencode=arch=compute_86,code=\"sm_86,compute_86\" --use-local-env -ccbin "C:\Program Files\Microsoft Visual Studio\2022\Community\VC\Tools\MSVC\14.35.32215\bin\HostX64\x64" -x cu   -I"C:\Program Files\NVIDIA GPU Computing Toolkit\CUDA\v12.1\include" -I"C:\Program Files\NVIDIA GPU Computing Toolkit\CUDA\v12.1\include"  -G   --keep-dir x64\Debug  -maxrregcount=0   --machine 64 --compile -cudart static  -g  -DWIN32 -DWIN64 -D_DEBUG -D_CONSOLE -D_MBCS -Xcompiler "/EHsc /W3 /nologo /Od /FS /Zi /RTC1 /MDd " -Xcompiler "/Fdx64\Debug\vc143.pdb" -o D:\Visualstdioc\cuda_test\MycudaCode\MySgemmOpt\MySgemmOpt\x64\Debug\Sgemm4.cu.obj "D:\Visualstdioc\cuda_test\MycudaCode\MySgemmOpt\MySgemmOpt\Sgemm4.cu" 
  
  D:\Visualstdioc\cuda_test\MycudaCode\MySgemmOpt\MySgemmOpt>"C:\Program Files\NVIDIA GPU Computing Toolkit\CUDA\v12.1\bin\nvcc.exe" -gencode=arch=compute_86,code=\"sm_86,compute_86\" --use-local-env -ccbin "C:\Program Files\Microsoft Visual Studio\2022\Community\VC\Tools\MSVC\14.35.32215\bin\HostX64\x64" -x cu   -I"C:\Program Files\NVIDIA GPU Computing Toolkit\CUDA\v12.1\include" -I"C:\Program Files\NVIDIA GPU Computing Toolkit\CUDA\v12.1\include"  -G   --keep-dir x64\Debug  -maxrregcount=0   --machine 64 --compile -cudart static  -g  -DWIN32 -DWIN64 -D_DEBUG -D_CONSOLE -D_MBCS -Xcompiler "/EHsc /W3 /nologo /Od /FS /Zi /RTC1 /MDd " -Xcompiler "/Fdx64\Debug\vc143.pdb" -o D:\Visualstdioc\cuda_test\MycudaCode\MySgemmOpt\MySgemmOpt\x64\Debug\sgemm3.cu.obj "D:\Visualstdioc\cuda_test\MycudaCode\MySgemmOpt\MySgemmOpt\sgemm3.cu" 
C:\Program Files\NVIDIA GPU Computing Toolkit\CUDA\v12.1\include\cuda.h(20247): warning C4819: 该文件包含不能在当前代码页(936)中表示的字符。请将该文件保存为 Unicode 格式以防止数据丢失
D:\Visualstdioc\cuda_test\MycudaCode\MySgemmOpt\MySgemmOpt\sgemm3.cu(1): warning C4819: 该文件包含不能在当前代码页(936)中表示的字符。请将该文件保存为 Unicode 格式以防止数据丢失
C:\Program Files\NVIDIA GPU Computing Toolkit\CUDA\v12.1\include\cuda.h(20247): warning C4819: 该文件包含不能在当前代码页(936)中表示的字符。请将该文件保存为 Unicode 格式以防止数据丢失
D:\Visualstdioc\cuda_test\MycudaCode\MySgemmOpt\MySgemmOpt\Sgemm4.cu(1): warning C4819: 该文件包含不能在当前代码页(936)中表示的字符。请将该文件保存为 Unicode 格式以防止数据丢失
C:\Program Files\NVIDIA GPU Computing Toolkit\CUDA\v12.1\include\cuda.h(20247): warning C4819: 该文件包含不能在当前代码页(936)中表示的字符。请将该文件保存为 Unicode 格式以防止数据丢失
C:\Program Files\NVIDIA GPU Computing Toolkit\CUDA\v12.1\include\cuda.h(20247): warning C4819: 该文件包含不能在当前代码页(936)中表示的字符。请将该文件保存为 Unicode 格式以防止数据丢失
D:\Visualstdioc\cuda_test\MycudaCode\MySgemmOpt\MySgemmOpt\sgemm3.cu(1): warning C4819: 该文件包含不能在当前代码页(936)中表示的字符。请将该文件保存为 Unicode 格式以防止数据丢失
C:\Program Files\NVIDIA GPU Computing Toolkit\CUDA\v12.1\include\cuda.h(20247): warning C4819: 该文件包含不能在当前代码页(936)中表示的字符。请将该文件保存为 Unicode 格式以防止数据丢失
D:\Visualstdioc\cuda_test\MycudaCode\MySgemmOpt\MySgemmOpt\Sgemm4.cu(1): warning C4819: 该文件包含不能在当前代码页(936)中表示的字符。请将该文件保存为 Unicode 格式以防止数据丢失
C:\Program Files\NVIDIA GPU Computing Toolkit\CUDA\v12.1\include\cuda.h(20247): warning C4819: 该文件包含不能在当前代码页(936)中表示的字符。请将该文件保存为 Unicode 格式以防止数据丢失
  sgemm3.cu
  kernel.cu
  Sgemm4.cu
  tmpxft_00006128_00000000-7_sgemm3.cudafe1.cpp
  tmpxft_00003334_00000000-7_kernel.cudafe1.cpp
  tmpxft_000077cc_00000000-7_Sgemm4.cudafe1.cpp
  MySgemmOpt.vcxproj -> D:\Visualstdioc\cuda_test\MycudaCode\MySgemmOpt\x64\Debug\MySgemmOpt.exe
