  Compiling CUDA source file kernel.cu...
  
  D:\Visualstdioc\cuda_test\MyReduceOpt\MyReduceOpt>"C:\Program Files\NVIDIA GPU Computing Toolkit\CUDA\v12.1\bin\nvcc.exe" -gencode=arch=compute_52,code=\"sm_52,compute_52\" --use-local-env -ccbin "C:\Program Files\Microsoft Visual Studio\2022\Community\VC\Tools\MSVC\14.35.32215\bin\HostX64\x64" -x cu -rdc=true  -I"C:\Program Files\NVIDIA GPU Computing Toolkit\CUDA\v12.1\include" -I"C:\Program Files\NVIDIA GPU Computing Toolkit\CUDA\v12.1\include"  -G   --keep-dir x64\Debug  -maxrregcount=0   --machine 64 --compile -cudart static  -g  -DWIN32 -DWIN64 -D_DEBUG -D_CONSOLE -D_MBCS -Xcompiler "/EHsc /W3 /nologo /Od /FS /Zi /RTC1 /MDd " -Xcompiler "/Fdx64\Debug\vc143.pdb" -o D:\Visualstdioc\cuda_test\MyReduceOpt\MyReduceOpt\x64\Debug\kernel.cu.obj "D:\Visualstdioc\cuda_test\MyReduceOpt\MyReduceOpt\kernel.cu" 
  kernel.cu
  tmpxft_0000ac50_00000000-7_kernel.cudafe1.cpp
  
  D:\Visualstdioc\cuda_test\MyReduceOpt\MyReduceOpt>"C:\Program Files\NVIDIA GPU Computing Toolkit\CUDA\v12.1\bin\nvcc.exe" -dlink  -o x64\Debug\MyReduceOpt.device-link.obj -Xcompiler "/EHsc /W3 /nologo /Od /Zi /RTC1 /MDd " -Xcompiler "/Fdx64\Debug\vc143.pdb" -L"C:\Program Files\NVIDIA GPU Computing Toolkit\CUDA\v12.1\bin/crt" -L"C:\Program Files\NVIDIA GPU Computing Toolkit\CUDA\v12.1\lib\x64" cudart_static.lib kernel32.lib user32.lib gdi32.lib winspool.lib comdlg32.lib advapi32.lib shell32.lib ole32.lib oleaut32.lib uuid.lib odbc32.lib odbccp32.lib cudart.lib cudadevrt.lib  -gencode=arch=compute_52,code=sm_52 -G  D:\Visualstdioc\cuda_test\MyReduceOpt\MyReduceOpt\x64\Debug\kernel.cu.obj D:\Visualstdioc\cuda_test\MyReduceOpt\MyReduceOpt\x64\Debug\reduce0.cu.obj D:\Visualstdioc\cuda_test\MyReduceOpt\MyReduceOpt\x64\Debug\reduce1.cu.obj D:\Visualstdioc\cuda_test\MyReduceOpt\MyReduceOpt\x64\Debug\reduce2.cu.obj D:\Visualstdioc\cuda_test\MyReduceOpt\MyReduceOpt\x64\Debug\reduce3.cu.obj D:\Visualstdioc\cuda_test\MyReduceOpt\MyReduceOpt\x64\Debug\reduce4.cu.obj D:\Visualstdioc\cuda_test\MyReduceOpt\MyReduceOpt\x64\Debug\reduce5.cu.obj D:\Visualstdioc\cuda_test\MyReduceOpt\MyReduceOpt\x64\Debug\reduce6.cu.obj 
  cudart_static.lib
  kernel32.lib
  user32.lib
  gdi32.lib
  winspool.lib
  comdlg32.lib
  advapi32.lib
  shell32.lib
  ole32.lib
  oleaut32.lib
  uuid.lib
  odbc32.lib
  odbccp32.lib
  cudart.lib
  cudadevrt.lib
  kernel.cu.obj
  reduce0.cu.obj
  reduce1.cu.obj
  reduce2.cu.obj
  reduce3.cu.obj
  reduce4.cu.obj
  reduce5.cu.obj
  reduce6.cu.obj
  MyReduceOpt.vcxproj -> D:\Visualstdioc\cuda_test\MyReduceOpt\x64\Debug\MyReduceOpt.exe
